Traceback (most recent call last):
  File "/usr/local/lib/python3.9/dist-packages/jupyter_cache/executors/utils.py", line 58, in single_nb_execution
    executenb(
  File "/usr/local/lib/python3.9/dist-packages/nbclient/client.py", line 1204, in execute
    return NotebookClient(nb=nb, resources=resources, km=km, **kwargs).execute()
  File "/usr/local/lib/python3.9/dist-packages/nbclient/util.py", line 84, in wrapped
    return just_run(coro(*args, **kwargs))
  File "/usr/local/lib/python3.9/dist-packages/nbclient/util.py", line 62, in just_run
    return loop.run_until_complete(coro)
  File "/usr/lib/python3.9/asyncio/base_events.py", line 647, in run_until_complete
    return future.result()
  File "/usr/local/lib/python3.9/dist-packages/nbclient/client.py", line 663, in async_execute
    await self.async_execute_cell(
  File "/usr/local/lib/python3.9/dist-packages/nbclient/client.py", line 965, in async_execute_cell
    await self._check_raise_for_error(cell, cell_index, exec_reply)
  File "/usr/local/lib/python3.9/dist-packages/nbclient/client.py", line 862, in _check_raise_for_error
    raise CellExecutionError.from_cell_and_msg(cell, exec_reply_content)
nbclient.exceptions.CellExecutionError: An error occurred while executing the following cell:
------------------
import orchest
from sklearn.model_selection import train_test_split
from sklearn.pipeline import Pipeline
# from sklearn.preprocessing import MinMaxScaler
data = orchest.get_inputs() 
X, y = data["data"]
# scaler = MinMaxScaler()
X_train, X_test, y_train, y_test = train_test_split(X, y, test_size=0.2,random_state=0)
# X_train = scaler.fit_transform(X_train)
# X_test = scaler.transform(X_test)
orchest.output((X_train, y_train, X_test, y_test), name="training_data")
------------------

[0;31m[0m
[0;31mModuleNotFoundError[0mTraceback (most recent call last)
[0;32m<ipython-input-8-c35f40eadd5c>[0m in [0;36m<module>[0;34m[0m
[0;32m----> 1[0;31m [0;32mimport[0m [0morchest[0m[0;34m[0m[0;34m[0m[0m
[0m[1;32m      2[0m [0;32mfrom[0m [0msklearn[0m[0;34m.[0m[0mmodel_selection[0m [0;32mimport[0m [0mtrain_test_split[0m[0;34m[0m[0;34m[0m[0m
[1;32m      3[0m [0;32mfrom[0m [0msklearn[0m[0;34m.[0m[0mpipeline[0m [0;32mimport[0m [0mPipeline[0m[0;34m[0m[0;34m[0m[0m
[1;32m      4[0m [0;31m# from sklearn.preprocessing import MinMaxScaler[0m[0;34m[0m[0;34m[0m[0m
[1;32m      5[0m [0mdata[0m [0;34m=[0m [0morchest[0m[0;34m.[0m[0mget_inputs[0m[0;34m([0m[0;34m)[0m[0;34m[0m[0;34m[0m[0m

[0;31mModuleNotFoundError[0m: No module named 'orchest'

[0;31m---------------------------------------------------------------------------[0;32m
NOTE: If your import is failing due to a missing package, you can
manually install dependencies using either !pip or !apt.

To view examples of installing some common dependencies, click the
"Open Examples" button below.
[0;31m---------------------------------------------------------------------------[0m

ModuleNotFoundError: No module named 'orchest'

